[INFO ] 2025-05-12 19:28:53.870 [main] UserTests - ********* Creating User   **********
[INFO ] 2025-05-12 19:28:55.334 [main] UserTests - ********* User is created  **********
[INFO ] 2025-05-12 19:28:55.343 [main] UserTests - ********* Reading User Info   **********
[INFO ] 2025-05-12 19:28:56.699 [main] UserTests - ********* User Info is displayed   **********
[INFO ] 2025-05-12 19:28:56.725 [main] UserTests - ********* Updating User   **********
[INFO ] 2025-05-12 19:28:59.428 [main] UserTests - ********* User is updated   **********
[INFO ] 2025-05-12 19:28:59.433 [main] UserTests - ********* Deleting User   **********
[INFO ] 2025-05-12 19:29:00.717 [main] UserTests - *********  User is deleted   **********
[INFO ] 2025-05-12 19:29:00.800 [main] UserTests2 - ********* Creating User   **********
[INFO ] 2025-05-12 19:29:02.114 [main] UserTests2 - ********* User is created  **********
[INFO ] 2025-05-12 19:29:02.131 [main] UserTests2 - ********* Reading User Info   **********
[INFO ] 2025-05-12 19:29:03.553 [main] UserTests2 - ********* User Info is displayed   **********
[INFO ] 2025-05-12 19:29:03.560 [main] UserTests2 - ********* Updating User   **********
[INFO ] 2025-05-12 19:29:06.332 [main] UserTests2 - ********* User is updated   **********
[INFO ] 2025-05-12 19:29:06.342 [main] UserTests2 - ********* Deleting User   **********
[INFO ] 2025-05-12 19:29:07.706 [main] UserTests2 - ********* Deleting User   **********
[INFO ] 2025-05-12 19:29:09.069 [main] UserTests2 - *********  User is deleted   **********
[INFO ] 2025-05-12 19:53:06.903 [main] UserTests - ********* Creating User   **********
[INFO ] 2025-05-12 19:53:08.313 [main] UserTests - ********* User is created  **********
[INFO ] 2025-05-12 19:53:08.319 [main] UserTests - ********* Reading User Info   **********
[INFO ] 2025-05-12 19:53:09.663 [main] UserTests - ********* User Info is displayed   **********
[INFO ] 2025-05-12 19:53:09.675 [main] UserTests - ********* Updating User   **********
[INFO ] 2025-05-12 19:53:12.278 [main] UserTests - ********* User is updated   **********
[INFO ] 2025-05-12 19:53:12.282 [main] UserTests - ********* Deleting User   **********
[INFO ] 2025-05-12 19:53:13.676 [main] UserTests - *********  User is deleted   **********
[INFO ] 2025-05-12 19:53:13.743 [main] UserTests2 - ********* Creating User   **********
[INFO ] 2025-05-12 19:53:15.096 [main] UserTests2 - ********* User is created  **********
[INFO ] 2025-05-12 19:53:15.105 [main] UserTests2 - ********* Reading User Info   **********
[INFO ] 2025-05-12 19:53:16.519 [main] UserTests2 - ********* Reading User Info   **********
[INFO ] 2025-05-12 19:53:17.874 [main] UserTests2 - ********* User Info is displayed   **********
[INFO ] 2025-05-12 19:53:17.879 [main] UserTests2 - ********* Updating User   **********
[INFO ] 2025-05-12 19:53:20.539 [main] UserTests2 - ********* User is updated   **********
[INFO ] 2025-05-12 19:53:20.554 [main] UserTests2 - ********* Deleting User   **********
[INFO ] 2025-05-12 19:53:21.869 [main] UserTests2 - *********  User is deleted   **********
